{"/Volumes/DEV/practicing/first-gatsby-site/src/components/layout.js": {"path":"/Volumes/DEV/practicing/first-gatsby-site/src/components/layout.js","statementMap":{"0":{"start":{"line":6,"column":15},"end":{"line":50,"column":1}},"1":{"start":{"line":7,"column":15},"end":{"line":15,"column":4}},"2":{"start":{"line":16,"column":34},"end":{"line":16,"column":47}},"3":{"start":{"line":18,"column":2},"end":{"line":49,"column":4}},"4":{"start":{"line":36,"column":29},"end":{"line":36,"column":51}}},"fnMap":{"0":{"name":"(anonymous_0)","decl":{"start":{"line":6,"column":15},"end":{"line":6,"column":16}},"loc":{"start":{"line":6,"column":44},"end":{"line":50,"column":1}},"line":6},"1":{"name":"(anonymous_1)","decl":{"start":{"line":36,"column":23},"end":{"line":36,"column":24}},"loc":{"start":{"line":36,"column":29},"end":{"line":36,"column":51}},"line":36}},"branchMap":{"0":{"loc":{"start":{"line":39,"column":15},"end":{"line":39,"column":64}},"type":"cond-expr","locations":[{"start":{"line":39,"column":26},"end":{"line":39,"column":43}},{"start":{"line":39,"column":46},"end":{"line":39,"column":64}}],"line":39}},"s":{"0":2,"1":5,"2":5,"3":5,"4":0},"f":{"0":5,"1":0},"b":{"0":[0,1]},"_coverageSchema":"1a1c01bbd47fc00a2c39e90264f33305004495a9","hash":"d32cf46ba9b68a7880dc4c0bf580ba411cf6553b"}
,"/Volumes/DEV/practicing/first-gatsby-site/src/components/seo.js": {"path":"/Volumes/DEV/practicing/first-gatsby-site/src/components/seo.js","statementMap":{"0":{"start":{"line":4,"column":12},"end":{"line":20,"column":1}},"1":{"start":{"line":5,"column":15},"end":{"line":13,"column":4}},"2":{"start":{"line":15,"column":2},"end":{"line":19,"column":4}}},"fnMap":{"0":{"name":"(anonymous_0)","decl":{"start":{"line":4,"column":12},"end":{"line":4,"column":13}},"loc":{"start":{"line":4,"column":27},"end":{"line":20,"column":1}},"line":4}},"branchMap":{},"s":{"0":1,"1":0,"2":0},"f":{"0":0},"b":{},"_coverageSchema":"1a1c01bbd47fc00a2c39e90264f33305004495a9","hash":"8b7519455bdd082742ae59840bb92682cbeb9628"}
,"/Volumes/DEV/practicing/first-gatsby-site/src/hooks/useDarkMode.js": {"path":"/Volumes/DEV/practicing/first-gatsby-site/src/hooks/useDarkMode.js","statementMap":{"0":{"start":{"line":4,"column":20},"end":{"line":16,"column":1}},"1":{"start":{"line":5,"column":32},"end":{"line":5,"column":61}},"2":{"start":{"line":6,"column":20},"end":{"line":6,"column":66}},"3":{"start":{"line":8,"column":2},"end":{"line":13,"column":27}},"4":{"start":{"line":9,"column":22},"end":{"line":9,"column":28}},"5":{"start":{"line":10,"column":22},"end":{"line":10,"column":52}},"6":{"start":{"line":12,"column":4},"end":{"line":12,"column":71}},"7":{"start":{"line":15,"column":2},"end":{"line":15,"column":31}}},"fnMap":{"0":{"name":"(anonymous_0)","decl":{"start":{"line":4,"column":20},"end":{"line":4,"column":21}},"loc":{"start":{"line":4,"column":26},"end":{"line":16,"column":1}},"line":4},"1":{"name":"(anonymous_1)","decl":{"start":{"line":8,"column":18},"end":{"line":8,"column":19}},"loc":{"start":{"line":8,"column":24},"end":{"line":13,"column":3}},"line":8}},"branchMap":{"0":{"loc":{"start":{"line":6,"column":20},"end":{"line":6,"column":66}},"type":"binary-expr","locations":[{"start":{"line":6,"column":20},"end":{"line":6,"column":55}},{"start":{"line":6,"column":59},"end":{"line":6,"column":66}}],"line":6},"1":{"loc":{"start":{"line":12,"column":4},"end":{"line":12,"column":70}},"type":"cond-expr","locations":[{"start":{"line":12,"column":16},"end":{"line":12,"column":40}},{"start":{"line":12,"column":43},"end":{"line":12,"column":70}}],"line":12}},"s":{"0":2,"1":5,"2":5,"3":5,"4":1,"5":1,"6":1,"7":5},"f":{"0":5,"1":1},"b":{"0":[5,5],"1":[0,1]},"_coverageSchema":"1a1c01bbd47fc00a2c39e90264f33305004495a9","hash":"0d58b9f143d80140546e4c33f47bb6efec609934"}
,"/Volumes/DEV/practicing/first-gatsby-site/src/hooks/useLocalStorage.js": {"path":"/Volumes/DEV/practicing/first-gatsby-site/src/hooks/useLocalStorage.js","statementMap":{"0":{"start":{"line":3,"column":24},"end":{"line":26,"column":1}},"1":{"start":{"line":4,"column":40},"end":{"line":12,"column":4}},"2":{"start":{"line":5,"column":4},"end":{"line":11,"column":5}},"3":{"start":{"line":6,"column":19},"end":{"line":6,"column":51}},"4":{"start":{"line":7,"column":6},"end":{"line":7,"column":52}},"5":{"start":{"line":9,"column":6},"end":{"line":9,"column":25}},"6":{"start":{"line":10,"column":6},"end":{"line":10,"column":26}},"7":{"start":{"line":14,"column":19},"end":{"line":23,"column":3}},"8":{"start":{"line":15,"column":4},"end":{"line":22,"column":5}},"9":{"start":{"line":17,"column":8},"end":{"line":17,"column":62}},"10":{"start":{"line":18,"column":6},"end":{"line":18,"column":35}},"11":{"start":{"line":19,"column":6},"end":{"line":19,"column":69}},"12":{"start":{"line":21,"column":6},"end":{"line":21,"column":25}},"13":{"start":{"line":25,"column":2},"end":{"line":25,"column":33}}},"fnMap":{"0":{"name":"(anonymous_0)","decl":{"start":{"line":3,"column":24},"end":{"line":3,"column":25}},"loc":{"start":{"line":3,"column":47},"end":{"line":26,"column":1}},"line":3},"1":{"name":"(anonymous_1)","decl":{"start":{"line":4,"column":55},"end":{"line":4,"column":56}},"loc":{"start":{"line":4,"column":61},"end":{"line":12,"column":3}},"line":4},"2":{"name":"(anonymous_2)","decl":{"start":{"line":14,"column":19},"end":{"line":14,"column":20}},"loc":{"start":{"line":14,"column":30},"end":{"line":23,"column":3}},"line":14}},"branchMap":{"0":{"loc":{"start":{"line":7,"column":13},"end":{"line":7,"column":51}},"type":"cond-expr","locations":[{"start":{"line":7,"column":20},"end":{"line":7,"column":36}},{"start":{"line":7,"column":39},"end":{"line":7,"column":51}}],"line":7},"1":{"loc":{"start":{"line":17,"column":8},"end":{"line":17,"column":62}},"type":"cond-expr","locations":[{"start":{"line":17,"column":36},"end":{"line":17,"column":54}},{"start":{"line":17,"column":57},"end":{"line":17,"column":62}}],"line":17}},"s":{"0":2,"1":5,"2":5,"3":5,"4":5,"5":0,"6":0,"7":5,"8":0,"9":0,"10":0,"11":0,"12":0,"13":5},"f":{"0":5,"1":5,"2":0},"b":{"0":[0,5],"1":[0,0]},"_coverageSchema":"1a1c01bbd47fc00a2c39e90264f33305004495a9","hash":"3dc8344a29493dac37241d12447249abdcd4fd9e"}
,"/Volumes/DEV/practicing/first-gatsby-site/src/pages/index.js": {"path":"/Volumes/DEV/practicing/first-gatsby-site/src/pages/index.js","statementMap":{"0":{"start":{"line":6,"column":18},"end":{"line":21,"column":1}},"1":{"start":{"line":7,"column":2},"end":{"line":20,"column":4}},"2":{"start":{"line":23,"column":20},"end":{"line":23,"column":51}},"3":{"start":{"line":23,"column":26},"end":{"line":23,"column":51}}},"fnMap":{"0":{"name":"(anonymous_0)","decl":{"start":{"line":6,"column":18},"end":{"line":6,"column":19}},"loc":{"start":{"line":6,"column":24},"end":{"line":21,"column":1}},"line":6},"1":{"name":"(anonymous_1)","decl":{"start":{"line":23,"column":20},"end":{"line":23,"column":21}},"loc":{"start":{"line":23,"column":26},"end":{"line":23,"column":51}},"line":23}},"branchMap":{},"s":{"0":1,"1":3,"2":1,"3":0},"f":{"0":3,"1":0},"b":{},"_coverageSchema":"1a1c01bbd47fc00a2c39e90264f33305004495a9","hash":"642916c0ea7744c4be78b535df2936c2500a4aac"}
}
