TN:
SF:src/components/layout.js
FN:6,(anonymous_0)
FN:36,(anonymous_1)
FNF:2
FNH:1
FNDA:5,(anonymous_0)
FNDA:0,(anonymous_1)
DA:6,2
DA:7,5
DA:16,5
DA:18,5
DA:36,0
LF:5
LH:4
BRDA:39,0,0,0
BRDA:39,0,1,1
BRF:2
BRH:1
end_of_record
TN:
SF:src/components/seo.js
FN:4,(anonymous_0)
FNF:1
FNH:0
FNDA:0,(anonymous_0)
DA:4,1
DA:5,0
DA:15,0
LF:3
LH:1
BRF:0
BRH:0
end_of_record
TN:
SF:src/hooks/useDarkMode.js
FN:4,(anonymous_0)
FN:8,(anonymous_1)
FNF:2
FNH:2
FNDA:5,(anonymous_0)
FNDA:1,(anonymous_1)
DA:4,2
DA:5,5
DA:6,5
DA:8,5
DA:9,1
DA:10,1
DA:12,1
DA:15,5
LF:8
LH:8
BRDA:6,0,0,5
BRDA:6,0,1,5
BRDA:12,1,0,0
BRDA:12,1,1,1
BRF:4
BRH:3
end_of_record
TN:
SF:src/hooks/useLocalStorage.js
FN:3,(anonymous_0)
FN:4,(anonymous_1)
FN:14,(anonymous_2)
FNF:3
FNH:2
FNDA:5,(anonymous_0)
FNDA:5,(anonymous_1)
FNDA:0,(anonymous_2)
DA:3,2
DA:4,5
DA:5,5
DA:6,5
DA:7,5
DA:9,0
DA:10,0
DA:14,5
DA:15,0
DA:17,0
DA:18,0
DA:19,0
DA:21,0
DA:25,5
LF:14
LH:7
BRDA:7,0,0,0
BRDA:7,0,1,5
BRDA:17,1,0,0
BRDA:17,1,1,0
BRF:4
BRH:1
end_of_record
TN:
SF:src/pages/index.js
FN:6,(anonymous_0)
FN:23,(anonymous_1)
FNF:2
FNH:1
FNDA:3,(anonymous_0)
FNDA:0,(anonymous_1)
DA:6,1
DA:7,3
DA:23,1
LF:3
LH:3
BRF:0
BRH:0
end_of_record
